<?xml version="1.0" encoding="utf-8"?><testsuites name="pytest tests"><testsuite name="pytest" errors="0" failures="0" skipped="1" tests="12" time="6.124" timestamp="2026-03-09T15:02:45.287241+00:00" hostname="agent-env-dadd527e-7686-4036-bc18-1b6aa50bfb85"><testcase classname="backend.tests.test_iter9_notifications_analytics.TestNotificationSettings" name="test_get_notification_settings" time="0.521" /><testcase classname="backend.tests.test_iter9_notifications_analytics.TestNotificationSettings" name="test_update_notification_settings_sms_off" time="0.296" /><testcase classname="backend.tests.test_iter9_notifications_analytics.TestNotificationSettings" name="test_update_notification_settings_whatsapp_off" time="0.342" /><testcase classname="backend.tests.test_iter9_notifications_analytics.TestNotificationSettings" name="test_update_notification_settings_both_on" time="0.441" /><testcase classname="backend.tests.test_iter9_notifications_analytics.TestNotificationLogs" name="test_get_notifications" time="0.496" /><testcase classname="backend.tests.test_iter9_notifications_analytics.TestNotificationLogs" name="test_send_test_notification" time="2.427" /><testcase classname="backend.tests.test_iter9_notifications_analytics.TestAnalyticsBranchFilter" name="test_get_branches_list" time="0.490" /><testcase classname="backend.tests.test_iter9_notifications_analytics.TestAnalyticsBranchFilter" name="test_analytics_without_branch_filter" time="0.119" /><testcase classname="backend.tests.test_iter9_notifications_analytics.TestAnalyticsBranchFilter" name="test_analytics_with_all_branches" time="0.116" /><testcase classname="backend.tests.test_iter9_notifications_analytics.TestAnalyticsBranchFilter" name="test_analytics_with_specific_branch" time="0.114"><skipped type="pytest.skip" message="No branches to test with">/app/backend/tests/test_iter9_notifications_analytics.py:190: No branches to test with</skipped></testcase><testcase classname="backend.tests.test_iter9_notifications_analytics.TestAnalyticsBranchFilter" name="test_analytics_date_and_branch_combined" time="0.243" /><testcase classname="backend.tests.test_iter9_notifications_analytics.TestNotificationOnOrderComplete" name="test_notification_log_has_order_info" time="0.448" /></testsuite></testsuites>