<?xml version="1.0" encoding="utf-8"?><testsuites name="pytest tests"><testsuite name="pytest" errors="0" failures="0" skipped="0" tests="30" time="30.681" timestamp="2026-03-09T09:49:23.980275+00:00" hostname="agent-env-f5597ae5-13f8-430b-acfb-50e44d39326e"><testcase classname="backend.tests.test_new_features.TestHealth" name="test_health_endpoint" time="0.247" /><testcase classname="backend.tests.test_new_features.TestAuth" name="test_login_demo_user" time="0.329" /><testcase classname="backend.tests.test_new_features.TestAuth" name="test_login_admin_user" time="0.324" /><testcase classname="backend.tests.test_new_features.TestAuth" name="test_get_permissions" time="0.473" /><testcase classname="backend.tests.test_new_features.TestDaySession" name="test_get_current_session" time="0.432" /><testcase classname="backend.tests.test_new_features.TestDaySession" name="test_open_day_if_closed" time="0.481" /><testcase classname="backend.tests.test_new_features.TestTableHoldFlow" name="test_get_tables" time="0.588" /><testcase classname="backend.tests.test_new_features.TestTableHoldFlow" name="test_create_dine_in_order_pending_payment" time="0.739" /><testcase classname="backend.tests.test_new_features.TestTableHoldFlow" name="test_get_running_orders" time="0.538" /><testcase classname="backend.tests.test_new_features.TestRunningOrderOperations" name="test_add_items_to_running_order" time="0.639" /><testcase classname="backend.tests.test_new_features.TestRunningOrderOperations" name="test_pay_and_release_table" time="0.694" /><testcase classname="backend.tests.test_new_features.TestKDS" name="test_get_kds_orders" time="0.443" /><testcase classname="backend.tests.test_new_features.TestKDS" name="test_update_kds_order_status" time="0.535" /><testcase classname="backend.tests.test_new_features.TestWallet" name="test_get_wallet_summary_today" time="0.428" /><testcase classname="backend.tests.test_new_features.TestWallet" name="test_get_wallet_summary_week" time="0.473" /><testcase classname="backend.tests.test_new_features.TestWallet" name="test_get_wallet_summary_month" time="0.433" /><testcase classname="backend.tests.test_new_features.TestBranches" name="test_get_branches" time="0.440" /><testcase classname="backend.tests.test_new_features.TestBranches" name="test_create_branch" time="0.426" /><testcase classname="backend.tests.test_new_features.TestBranches" name="test_update_branch" time="0.528" /><testcase classname="backend.tests.test_new_features.TestBranches" name="test_delete_branch" time="0.534" /><testcase classname="backend.tests.test_new_features.TestStaff" name="test_get_staff" time="0.437" /><testcase classname="backend.tests.test_new_features.TestStaff" name="test_create_staff_manager" time="0.687" /><testcase classname="backend.tests.test_new_features.TestStaff" name="test_create_staff_cashier" time="0.671" /><testcase classname="backend.tests.test_new_features.TestStaff" name="test_create_staff_captain" time="0.652" /><testcase classname="backend.tests.test_new_features.TestStaff" name="test_create_staff_chef" time="0.677" /><testcase classname="backend.tests.test_new_features.TestAIInsights" name="test_get_analytics" time="0.433" /><testcase classname="backend.tests.test_new_features.TestAIInsights" name="test_ai_insights_endpoint" time="15.570" /><testcase classname="backend.tests.test_new_features.TestTakeawayPaymentFlow" name="test_create_takeaway_with_cash" time="0.574" /><testcase classname="backend.tests.test_new_features.TestTakeawayPaymentFlow" name="test_create_takeaway_with_card" time="0.535" /><testcase classname="backend.tests.test_new_features.TestTakeawayPaymentFlow" name="test_create_takeaway_with_upi" time="0.568" /></testsuite></testsuites>