<?xml version="1.0" encoding="utf-8"?><testsuites name="pytest tests"><testsuite name="pytest" errors="0" failures="0" skipped="0" tests="19" time="7.347" timestamp="2026-03-09T08:14:47.594164+00:00" hostname="agent-env-f5597ae5-13f8-430b-acfb-50e44d39326e"><testcase classname="backend.tests.test_pos_api.TestHealthEndpoints" name="test_api_root" time="0.239" /><testcase classname="backend.tests.test_pos_api.TestHealthEndpoints" name="test_health_endpoint" time="0.110" /><testcase classname="backend.tests.test_pos_api.TestAuthentication" name="test_demo_user_login" time="0.332" /><testcase classname="backend.tests.test_pos_api.TestAuthentication" name="test_admin_login" time="0.363" /><testcase classname="backend.tests.test_pos_api.TestAuthentication" name="test_invalid_login" time="0.104" /><testcase classname="backend.tests.test_pos_api.TestAuthentication" name="test_get_me_endpoint" time="0.424" /><testcase classname="backend.tests.test_pos_api.TestDaySession" name="test_get_current_session" time="0.424" /><testcase classname="backend.tests.test_pos_api.TestDaySession" name="test_day_session_history" time="0.423" /><testcase classname="backend.tests.test_pos_api.TestMenuManagement" name="test_get_categories" time="0.445" /><testcase classname="backend.tests.test_pos_api.TestMenuManagement" name="test_get_menu_items" time="0.430" /><testcase classname="backend.tests.test_pos_api.TestMenuManagement" name="test_create_category" time="0.428" /><testcase classname="backend.tests.test_pos_api.TestOrders" name="test_get_orders" time="0.422" /><testcase classname="backend.tests.test_pos_api.TestOrders" name="test_get_today_orders" time="0.423" /><testcase classname="backend.tests.test_pos_api.TestTables" name="test_get_tables" time="0.439" /><testcase classname="backend.tests.test_pos_api.TestAnalytics" name="test_get_analytics" time="0.504" /><testcase classname="backend.tests.test_pos_api.TestInventory" name="test_get_inventory" time="0.430" /><testcase classname="backend.tests.test_pos_api.TestStaff" name="test_get_staff" time="0.431" /><testcase classname="backend.tests.test_pos_api.TestAdmin" name="test_admin_stats" time="0.431" /><testcase classname="backend.tests.test_pos_api.TestAdmin" name="test_admin_restaurants" time="0.424" /></testsuite></testsuites>