<?xml version="1.0" encoding="utf-8"?><testsuites name="pytest tests"><testsuite name="pytest" errors="0" failures="0" skipped="0" tests="7" time="23.577" timestamp="2026-03-09T13:06:56.232582+00:00" hostname="agent-env-dadd527e-7686-4036-bc18-1b6aa50bfb85"><testcase classname="backend.tests.test_iter7_customer_day_report.TestCustomerLookup" name="test_customer_lookup_endpoint_exists" time="0.519" /><testcase classname="backend.tests.test_iter7_customer_day_report.TestCustomerLookup" name="test_customer_lookup_with_short_phone" time="0.478" /><testcase classname="backend.tests.test_iter7_customer_day_report.TestOrderWithCustomerDetails" name="test_create_order_with_customer_details" time="0.650" /><testcase classname="backend.tests.test_iter7_customer_day_report.TestOrderWithCustomerDetails" name="test_create_order_without_customer_name" time="0.570" /><testcase classname="backend.tests.test_iter7_customer_day_report.TestDaySessionAiInsights" name="test_ai_insights_endpoint" time="10.356" /><testcase classname="backend.tests.test_iter7_customer_day_report.TestDaySessionPdf" name="test_pdf_endpoint_returns_pdf" time="10.254" /><testcase classname="backend.tests.test_iter7_customer_day_report.TestCustomerLookupFlow" name="test_create_order_then_lookup_customer" time="0.700" /></testsuite></testsuites>