<?xml version="1.0" encoding="utf-8"?><testsuites name="pytest tests"><testsuite name="pytest" errors="0" failures="0" skipped="0" tests="7" time="1.441" timestamp="2026-03-09T12:31:48.961540+00:00" hostname="agent-env-dadd527e-7686-4036-bc18-1b6aa50bfb85"><testcase classname="backend.tests.test_iter6_receipt.TestReceiptAPI" name="test_create_takeaway_order_and_get_receipt" time="0.681" /><testcase classname="backend.tests.test_iter6_receipt.TestReceiptAPI" name="test_receipt_404_for_invalid_order" time="0.050" /><testcase classname="backend.tests.test_iter6_receipt.TestReceiptAPI" name="test_create_dinein_order_pending_then_pay_and_receipt" time="0.215" /><testcase classname="backend.tests.test_iter6_receipt.TestTodaysOrdersAPI" name="test_get_todays_orders" time="0.055" /><testcase classname="backend.tests.test_iter6_receipt.TestOrderWithPaymentMethod" name="test_takeaway_order_with_payment_method[cash]" time="0.149" /><testcase classname="backend.tests.test_iter6_receipt.TestOrderWithPaymentMethod" name="test_takeaway_order_with_payment_method[card]" time="0.107" /><testcase classname="backend.tests.test_iter6_receipt.TestOrderWithPaymentMethod" name="test_takeaway_order_with_payment_method[upi]" time="0.108" /></testsuite></testsuites>