<?xml version="1.0" encoding="utf-8"?><testsuites name="pytest tests"><testsuite name="pytest" errors="0" failures="0" skipped="0" tests="20" time="6.950" timestamp="2026-03-09T13:53:12.713431+00:00" hostname="agent-env-dadd527e-7686-4036-bc18-1b6aa50bfb85"><testcase classname="backend.tests.test_iter8_features.TestBranchCreation" name="test_create_branch_requires_login_credentials" time="0.495" /><testcase classname="backend.tests.test_iter8_features.TestBranchCreation" name="test_create_branch_password_min_length" time="0.134" /><testcase classname="backend.tests.test_iter8_features.TestBranchCreation" name="test_create_branch_with_credentials_success" time="0.330" /><testcase classname="backend.tests.test_iter8_features.TestBranchCreation" name="test_branch_user_can_login" time="0.346" /><testcase classname="backend.tests.test_iter8_features.TestBranchCreation" name="test_get_branches_list" time="0.107" /><testcase classname="backend.tests.test_iter8_features.TestStaffOwnerRole" name="test_create_staff_with_owner_role" time="0.329" /><testcase classname="backend.tests.test_iter8_features.TestStaffOwnerRole" name="test_create_staff_with_all_valid_roles" time="1.328" /><testcase classname="backend.tests.test_iter8_features.TestStaffOwnerRole" name="test_create_staff_invalid_role" time="0.104" /><testcase classname="backend.tests.test_iter8_features.TestStaffOwnerRole" name="test_get_staff_includes_owner" time="0.108" /><testcase classname="backend.tests.test_iter8_features.TestAnalyticsDateFiltering" name="test_analytics_without_date" time="0.113" /><testcase classname="backend.tests.test_iter8_features.TestAnalyticsDateFiltering" name="test_analytics_with_specific_date" time="0.130" /><testcase classname="backend.tests.test_iter8_features.TestAnalyticsDateFiltering" name="test_analytics_with_week_old_date" time="0.110" /><testcase classname="backend.tests.test_iter8_features.TestAnalyticsDateFiltering" name="test_analytics_response_structure" time="0.110" /><testcase classname="backend.tests.test_iter8_features.TestWalletDateFiltering" name="test_wallet_today_period" time="0.110" /><testcase classname="backend.tests.test_iter8_features.TestWalletDateFiltering" name="test_wallet_week_period" time="0.128" /><testcase classname="backend.tests.test_iter8_features.TestWalletDateFiltering" name="test_wallet_month_period" time="0.148" /><testcase classname="backend.tests.test_iter8_features.TestWalletDateFiltering" name="test_wallet_with_specific_date" time="0.122" /><testcase classname="backend.tests.test_iter8_features.TestWalletDateFiltering" name="test_wallet_response_structure" time="0.123" /><testcase classname="backend.tests.test_iter8_features.TestOrderTypeBreakdown" name="test_order_type_breakdown_structure" time="0.114" /><testcase classname="backend.tests.test_iter8_features.TestCleanup" name="test_cleanup_test_data" time="2.399" /></testsuite></testsuites>