<?xml version="1.0" encoding="utf-8"?><testsuites name="pytest tests"><testsuite name="pytest" errors="0" failures="0" skipped="0" tests="15" time="3.239" timestamp="2026-03-09T11:51:30.924577+00:00" hostname="agent-env-dadd527e-7686-4036-bc18-1b6aa50bfb85"><testcase classname="backend.tests.test_iter5_features.TestQuickPOS" name="test_get_menu_items" time="0.453" /><testcase classname="backend.tests.test_iter5_features.TestQuickPOS" name="test_quick_order_with_cash" time="0.208" /><testcase classname="backend.tests.test_iter5_features.TestQuickPOS" name="test_quick_order_with_upi" time="0.219" /><testcase classname="backend.tests.test_iter5_features.TestReceiptAPI" name="test_get_receipt_for_order" time="0.331" /><testcase classname="backend.tests.test_iter5_features.TestReceiptAPI" name="test_receipt_not_found" time="0.102" /><testcase classname="backend.tests.test_iter5_features.TestPurchaseOrders" name="test_get_inventory_items" time="0.111" /><testcase classname="backend.tests.test_iter5_features.TestPurchaseOrders" name="test_create_purchase_order" time="0.216" /><testcase classname="backend.tests.test_iter5_features.TestPurchaseOrders" name="test_list_purchase_orders" time="0.105" /><testcase classname="backend.tests.test_iter5_features.TestPurchaseOrders" name="test_filter_purchase_orders_by_status" time="0.149" /><testcase classname="backend.tests.test_iter5_features.TestPurchaseOrders" name="test_receive_purchase_order" time="0.208" /><testcase classname="backend.tests.test_iter5_features.TestPurchaseOrders" name="test_cancel_purchase_order" time="0.439" /><testcase classname="backend.tests.test_iter5_features.TestDayCloseReport" name="test_get_current_session" time="0.105" /><testcase classname="backend.tests.test_iter5_features.TestDayCloseReport" name="test_get_session_history" time="0.101" /><testcase classname="backend.tests.test_iter5_features.TestDayCloseReport" name="test_get_day_close_report" time="0.323" /><testcase classname="backend.tests.test_iter5_features.TestDashboardOrderTypes" name="test_get_analytics" time="0.114" /></testsuite></testsuites>