<?xml version="1.0" encoding="utf-8"?><testsuites name="pytest tests"><testsuite name="pytest" errors="0" failures="0" skipped="0" tests="19" time="7.429" timestamp="2026-03-09T08:55:37.134889+00:00" hostname="agent-env-f5597ae5-13f8-430b-acfb-50e44d39326e"><testcase classname="backend.tests.test_pos_api.TestHealthEndpoints" name="test_api_root" time="0.208" /><testcase classname="backend.tests.test_pos_api.TestHealthEndpoints" name="test_health_endpoint" time="0.103" /><testcase classname="backend.tests.test_pos_api.TestAuthentication" name="test_demo_user_login" time="0.353" /><testcase classname="backend.tests.test_pos_api.TestAuthentication" name="test_admin_login" time="0.323" /><testcase classname="backend.tests.test_pos_api.TestAuthentication" name="test_invalid_login" time="0.141" /><testcase classname="backend.tests.test_pos_api.TestAuthentication" name="test_get_me_endpoint" time="0.442" /><testcase classname="backend.tests.test_pos_api.TestDaySession" name="test_get_current_session" time="0.434" /><testcase classname="backend.tests.test_pos_api.TestDaySession" name="test_day_session_history" time="0.429" /><testcase classname="backend.tests.test_pos_api.TestMenuManagement" name="test_get_categories" time="0.430" /><testcase classname="backend.tests.test_pos_api.TestMenuManagement" name="test_get_menu_items" time="0.462" /><testcase classname="backend.tests.test_pos_api.TestMenuManagement" name="test_create_category" time="0.440" /><testcase classname="backend.tests.test_pos_api.TestOrders" name="test_get_orders" time="0.484" /><testcase classname="backend.tests.test_pos_api.TestOrders" name="test_get_today_orders" time="0.454" /><testcase classname="backend.tests.test_pos_api.TestTables" name="test_get_tables" time="0.475" /><testcase classname="backend.tests.test_pos_api.TestAnalytics" name="test_get_analytics" time="0.433" /><testcase classname="backend.tests.test_pos_api.TestInventory" name="test_get_inventory" time="0.438" /><testcase classname="backend.tests.test_pos_api.TestStaff" name="test_get_staff" time="0.444" /><testcase classname="backend.tests.test_pos_api.TestAdmin" name="test_admin_stats" time="0.435" /><testcase classname="backend.tests.test_pos_api.TestAdmin" name="test_admin_restaurants" time="0.442" /></testsuite></testsuites>